<?xml version="1.0" encoding="UTF-8"?>
<!-- Generated by org.testng.reporters.JUnitXMLReporter -->
<testsuite hostname="dell" ignored="0" name="Test(failed)" tests="1" failures="1" timestamp="09 Feb 2018 01:30:31 GMT" time="22.565" errors="0">
  <testcase name="LoginTest" time="6.007" classname="com.actitime.tests.LoginTest">
    <failure type="java.lang.AssertionError" message="expected [(build 39769)] but found [BuildNo]">
      <![CDATA[java.lang.AssertionError: expected [(build 39769)] but found [BuildNo]at com.actitime.pages.EnterTimeTrack.verifyBuildNo(EnterTimeTrack.java:44)at com.actitime.tests.LoginTest.LoginTest(LoginTest.java:55)... Removed 31 stack frames]]>
    </failure>
  </testcase> <!-- LoginTest -->
</testsuite> <!-- Test(failed) -->
